<?xml version="1.0" encoding="UTF-8"?>
<testng-results skipped="0" failed="0" total="2" passed="2">
  <reporter-output>
  </reporter-output>
  <suite name="Default suite" duration-ms="11231" started-at="2015-09-03T16:11:17Z" finished-at="2015-09-03T16:11:28Z">
    <groups>
    </groups>
    <test name="Default test" duration-ms="11231" started-at="2015-09-03T16:11:17Z" finished-at="2015-09-03T16:11:28Z">
      <class name="com.example.tests.TestBase">
        <test-method status="PASS" signature="setUp()[pri:0, instance:com.example.tests.TestBase@629f0666]" name="setUp" is-config="true" duration-ms="6674" started-at="2015-09-03T19:11:17Z" finished-at="2015-09-03T19:11:24Z">
          <reporter-output>
          </reporter-output>
        </test-method> <!-- setUp -->
        <test-method status="PASS" signature="tearDown()[pri:0, instance:com.example.tests.TestBase@629f0666]" name="tearDown" is-config="true" duration-ms="494" started-at="2015-09-03T19:11:28Z" finished-at="2015-09-03T19:11:28Z">
          <reporter-output>
          </reporter-output>
        </test-method> <!-- tearDown -->
      </class> <!-- com.example.tests.TestBase -->
      <class name="com.example.tests.GroupCreationTests">
        <test-method status="PASS" signature="testEmptyGroupCreation()[pri:0, instance:com.example.tests.GroupCreationTests@c39f790]" name="testEmptyGroupCreation" duration-ms="2166" started-at="2015-09-03T19:11:24Z" finished-at="2015-09-03T19:11:26Z">
          <reporter-output>
          </reporter-output>
        </test-method> <!-- testEmptyGroupCreation -->
        <test-method status="PASS" signature="testNonEmptyGroupCreation()[pri:0, instance:com.example.tests.GroupCreationTests@c39f790]" name="testNonEmptyGroupCreation" duration-ms="1877" started-at="2015-09-03T19:11:26Z" finished-at="2015-09-03T19:11:28Z">
          <reporter-output>
          </reporter-output>
        </test-method> <!-- testNonEmptyGroupCreation -->
      </class> <!-- com.example.tests.GroupCreationTests -->
    </test> <!-- Default test -->
  </suite> <!-- Default suite -->
</testng-results>
